Analysis & Synthesis report for envasadoHarina
Fri Jan 19 09:25:48 2024
Quartus Prime Version 19.1.0 Build 670 09/22/2019 SJ Lite Edition


---------------------
; Table of Contents ;
---------------------
  1. Legal Notice
  2. Analysis & Synthesis Summary
  3. Analysis & Synthesis Settings
  4. Parallel Compilation
  5. Analysis & Synthesis Source Files Read
  6. Analysis & Synthesis Resource Usage Summary
  7. Analysis & Synthesis Resource Utilization by Entity
  8. Analysis & Synthesis IP Cores Summary
  9. General Register Statistics
 10. Inverted Register Statistics
 11. Multiplexer Restructuring Statistics (Restructuring Performed)
 12. Source assignments for HOST_COM:inst3|altsource_probe_top:in_system_sources_probes_0|altsource_probe:issp_impl|altsource_probe_body:altsource_probe_body_inst|altsource_probe_impl:\wider_probe_gen:wider_probe_inst
 13. Parameter Settings for User Entity Instance: HOST_COM:inst3|altsource_probe_top:in_system_sources_probes_0
 14. Parameter Settings for User Entity Instance: HOST_COM:inst3|altsource_probe_top:in_system_sources_probes_0|altsource_probe:issp_impl
 15. Port Connectivity Checks: "HOST_COM:inst3|altsource_probe_top:in_system_sources_probes_0|altsource_probe:issp_impl"
 16. Port Connectivity Checks: "HOST_COM:inst3|altsource_probe_top:in_system_sources_probes_0"
 17. Post-Synthesis Netlist Statistics for Top Partition
 18. Elapsed Time Per Partition
 19. Analysis & Synthesis Messages



----------------
; Legal Notice ;
----------------
Copyright (C) 2019  Intel Corporation. All rights reserved.
Your use of Intel Corporation's design tools, logic functions 
and other software and tools, and any partner logic 
functions, and any output files from any of the foregoing 
(including device programming or simulation files), and any 
associated documentation or information are expressly subject 
to the terms and conditions of the Intel Program License 
Subscription Agreement, the Intel Quartus Prime License Agreement,
the Intel FPGA IP License Agreement, or other applicable license
agreement, including, without limitation, that your use is for
the sole purpose of programming logic devices manufactured by
Intel and sold by Intel or its authorized distributors.  Please
refer to the applicable agreement for further details, at
https://fpgasoftware.intel.com/eula.



+-------------------------------------------------------------------------------+
; Analysis & Synthesis Summary                                                  ;
+---------------------------------+---------------------------------------------+
; Analysis & Synthesis Status     ; Successful - Fri Jan 19 09:25:48 2024       ;
; Quartus Prime Version           ; 19.1.0 Build 670 09/22/2019 SJ Lite Edition ;
; Revision Name                   ; envasadoHarina                              ;
; Top-level Entity Name           ; envasadoGeneral                             ;
; Family                          ; Cyclone V                                   ;
; Logic utilization (in ALMs)     ; N/A                                         ;
; Total registers                 ; 132                                         ;
; Total pins                      ; 27                                          ;
; Total virtual pins              ; 0                                           ;
; Total block memory bits         ; 0                                           ;
; Total DSP Blocks                ; 0                                           ;
; Total HSSI RX PCSs              ; 0                                           ;
; Total HSSI PMA RX Deserializers ; 0                                           ;
; Total HSSI TX PCSs              ; 0                                           ;
; Total HSSI PMA TX Serializers   ; 0                                           ;
; Total PLLs                      ; 0                                           ;
; Total DLLs                      ; 0                                           ;
+---------------------------------+---------------------------------------------+


+---------------------------------------------------------------------------------------------------------------------------+
; Analysis & Synthesis Settings                                                                                             ;
+---------------------------------------------------------------------------------+--------------------+--------------------+
; Option                                                                          ; Setting            ; Default Value      ;
+---------------------------------------------------------------------------------+--------------------+--------------------+
; Device                                                                          ; 5CSXFC6D6F31C6     ;                    ;
; Top-level entity name                                                           ; envasadoGeneral    ; envasadoHarina     ;
; Family name                                                                     ; Cyclone V          ; Cyclone V          ;
; Use smart compilation                                                           ; Off                ; Off                ;
; Enable parallel Assembler and Timing Analyzer during compilation                ; On                 ; On                 ;
; Enable compact report table                                                     ; Off                ; Off                ;
; Restructure Multiplexers                                                        ; Auto               ; Auto               ;
; MLAB Add Timing Constraints For Mixed-Port Feed-Through Mode Setting Don't Care ; Off                ; Off                ;
; Create Debugging Nodes for IP Cores                                             ; Off                ; Off                ;
; Preserve fewer node names                                                       ; On                 ; On                 ;
; Intel FPGA IP Evaluation Mode                                                   ; Enable             ; Enable             ;
; Verilog Version                                                                 ; Verilog_2001       ; Verilog_2001       ;
; VHDL Version                                                                    ; VHDL_1993          ; VHDL_1993          ;
; State Machine Processing                                                        ; Auto               ; Auto               ;
; Safe State Machine                                                              ; Off                ; Off                ;
; Extract Verilog State Machines                                                  ; On                 ; On                 ;
; Extract VHDL State Machines                                                     ; On                 ; On                 ;
; Ignore Verilog initial constructs                                               ; Off                ; Off                ;
; Iteration limit for constant Verilog loops                                      ; 5000               ; 5000               ;
; Iteration limit for non-constant Verilog loops                                  ; 250                ; 250                ;
; Add Pass-Through Logic to Inferred RAMs                                         ; On                 ; On                 ;
; Infer RAMs from Raw Logic                                                       ; On                 ; On                 ;
; Parallel Synthesis                                                              ; On                 ; On                 ;
; DSP Block Balancing                                                             ; Auto               ; Auto               ;
; NOT Gate Push-Back                                                              ; On                 ; On                 ;
; Power-Up Don't Care                                                             ; On                 ; On                 ;
; Remove Redundant Logic Cells                                                    ; Off                ; Off                ;
; Remove Duplicate Registers                                                      ; On                 ; On                 ;
; Ignore CARRY Buffers                                                            ; Off                ; Off                ;
; Ignore CASCADE Buffers                                                          ; Off                ; Off                ;
; Ignore GLOBAL Buffers                                                           ; Off                ; Off                ;
; Ignore ROW GLOBAL Buffers                                                       ; Off                ; Off                ;
; Ignore LCELL Buffers                                                            ; Off                ; Off                ;
; Ignore SOFT Buffers                                                             ; On                 ; On                 ;
; Limit AHDL Integers to 32 Bits                                                  ; Off                ; Off                ;
; Optimization Technique                                                          ; Balanced           ; Balanced           ;
; Carry Chain Length                                                              ; 70                 ; 70                 ;
; Auto Carry Chains                                                               ; On                 ; On                 ;
; Auto Open-Drain Pins                                                            ; On                 ; On                 ;
; Perform WYSIWYG Primitive Resynthesis                                           ; Off                ; Off                ;
; Auto ROM Replacement                                                            ; On                 ; On                 ;
; Auto RAM Replacement                                                            ; On                 ; On                 ;
; Auto DSP Block Replacement                                                      ; On                 ; On                 ;
; Auto Shift Register Replacement                                                 ; Auto               ; Auto               ;
; Allow Shift Register Merging across Hierarchies                                 ; Auto               ; Auto               ;
; Auto Clock Enable Replacement                                                   ; On                 ; On                 ;
; Strict RAM Replacement                                                          ; Off                ; Off                ;
; Allow Synchronous Control Signals                                               ; On                 ; On                 ;
; Force Use of Synchronous Clear Signals                                          ; Off                ; Off                ;
; Auto Resource Sharing                                                           ; Off                ; Off                ;
; Allow Any RAM Size For Recognition                                              ; Off                ; Off                ;
; Allow Any ROM Size For Recognition                                              ; Off                ; Off                ;
; Allow Any Shift Register Size For Recognition                                   ; Off                ; Off                ;
; Use LogicLock Constraints during Resource Balancing                             ; On                 ; On                 ;
; Ignore translate_off and synthesis_off directives                               ; Off                ; Off                ;
; Timing-Driven Synthesis                                                         ; On                 ; On                 ;
; Report Parameter Settings                                                       ; On                 ; On                 ;
; Report Source Assignments                                                       ; On                 ; On                 ;
; Report Connectivity Checks                                                      ; On                 ; On                 ;
; Ignore Maximum Fan-Out Assignments                                              ; Off                ; Off                ;
; Synchronization Register Chain Length                                           ; 3                  ; 3                  ;
; Power Optimization During Synthesis                                             ; Normal compilation ; Normal compilation ;
; HDL message level                                                               ; Level2             ; Level2             ;
; Suppress Register Optimization Related Messages                                 ; Off                ; Off                ;
; Number of Removed Registers Reported in Synthesis Report                        ; 5000               ; 5000               ;
; Number of Swept Nodes Reported in Synthesis Report                              ; 5000               ; 5000               ;
; Number of Inverted Registers Reported in Synthesis Report                       ; 100                ; 100                ;
; Clock MUX Protection                                                            ; On                 ; On                 ;
; Auto Gated Clock Conversion                                                     ; Off                ; Off                ;
; Block Design Naming                                                             ; Auto               ; Auto               ;
; SDC constraint protection                                                       ; Off                ; Off                ;
; Synthesis Effort                                                                ; Auto               ; Auto               ;
; Shift Register Replacement - Allow Asynchronous Clear Signal                    ; On                 ; On                 ;
; Pre-Mapping Resynthesis Optimization                                            ; Off                ; Off                ;
; Analysis & Synthesis Message Level                                              ; Medium             ; Medium             ;
; Disable Register Merging Across Hierarchies                                     ; Auto               ; Auto               ;
; Resource Aware Inference For Block RAM                                          ; On                 ; On                 ;
; Automatic Parallel Synthesis                                                    ; On                 ; On                 ;
; Partial Reconfiguration Bitstream ID                                            ; Off                ; Off                ;
+---------------------------------------------------------------------------------+--------------------+--------------------+


+------------------------------------------+
; Parallel Compilation                     ;
+----------------------------+-------------+
; Processors                 ; Number      ;
+----------------------------+-------------+
; Number detected on machine ; 20          ;
; Maximum allowed            ; 12          ;
;                            ;             ;
; Average used               ; 1.00        ;
; Maximum used               ; 12          ;
;                            ;             ;
; Usage by Processor         ; % Time Used ;
;     Processor 1            ; 100.0%      ;
;     Processors 2-12        ;   0.0%      ;
+----------------------------+-------------+


+-----------------------------------------------------------------------------------------------------------------------------------------------------------------------------------------------------------------------------------------------------------------------------------------------------------------+
; Analysis & Synthesis Source Files Read                                                                                                                                                                                                                                                                          ;
+-------------------------------------------------------------------------------------------------------+-----------------+----------------------------------------------+--------------------------------------------------------------------------------------------------------------------------+-------------+
; File Name with User-Entered Path                                                                      ; Used in Netlist ; File Type                                    ; File Name with Absolute Path                                                                                             ; Library     ;
+-------------------------------------------------------------------------------------------------------+-----------------+----------------------------------------------+--------------------------------------------------------------------------------------------------------------------------+-------------+
; comparador_de_peso.vhd                                                                                ; yes             ; User VHDL File                               ; C:/Users/Estudiante/Desktop/ENVASADO-HARINA-SISTEMAS1/comparador_de_peso.vhd                                             ;             ;
; comparador_de_distancia.vhd                                                                           ; yes             ; User VHDL File                               ; C:/Users/Estudiante/Desktop/ENVASADO-HARINA-SISTEMAS1/comparador_de_distancia.vhd                                        ;             ;
; DecoBCD_7seg.vhd                                                                                      ; yes             ; User VHDL File                               ; C:/Users/Estudiante/Desktop/ENVASADO-HARINA-SISTEMAS1/DecoBCD_7seg.vhd                                                   ;             ;
; DecoBin_BCD.vhd                                                                                       ; yes             ; User VHDL File                               ; C:/Users/Estudiante/Desktop/ENVASADO-HARINA-SISTEMAS1/DecoBin_BCD.vhd                                                    ;             ;
; contador.vhd                                                                                          ; yes             ; User VHDL File                               ; C:/Users/Estudiante/Desktop/ENVASADO-HARINA-SISTEMAS1/contador.vhd                                                       ;             ;
; MSI.vhd                                                                                               ; yes             ; User VHDL File                               ; C:/Users/Estudiante/Desktop/ENVASADO-HARINA-SISTEMAS1/MSI.vhd                                                            ;             ;
; envasadoGeneral.bdf                                                                                   ; yes             ; User Block Diagram/Schematic File            ; C:/Users/Estudiante/Desktop/ENVASADO-HARINA-SISTEMAS1/envasadoGeneral.bdf                                                ;             ;
; c:/users/estudiante/desktop/envasado-harina-sistemas1/db/ip/host_com/host_com.v                       ; yes             ; Auto-Found Verilog HDL File                  ; c:/users/estudiante/desktop/envasado-harina-sistemas1/db/ip/host_com/host_com.v                                          ; HOST_COM    ;
; c:/users/estudiante/desktop/envasado-harina-sistemas1/db/ip/host_com/submodules/altsource_probe_top.v ; yes             ; Auto-Found Verilog HDL File                  ; c:/users/estudiante/desktop/envasado-harina-sistemas1/db/ip/host_com/submodules/altsource_probe_top.v                    ; HOST_COM    ;
; 7411.bdf                                                                                              ; yes             ; Megafunction                                 ; c:/intelfpga_lite/19.1/quartus/libraries/others/maxplus2/7411.bdf                                                        ;             ;
; altsource_probe.v                                                                                     ; yes             ; Megafunction                                 ; c:/intelfpga_lite/19.1/quartus/libraries/megafunctions/altsource_probe.v                                                 ;             ;
; sld_jtag_endpoint_adapter.vhd                                                                         ; yes             ; Encrypted Megafunction                       ; c:/intelfpga_lite/19.1/quartus/libraries/megafunctions/sld_jtag_endpoint_adapter.vhd                                     ;             ;
; sld_jtag_endpoint_adapter_impl.sv                                                                     ; yes             ; Encrypted Megafunction                       ; c:/intelfpga_lite/19.1/quartus/libraries/megafunctions/sld_jtag_endpoint_adapter_impl.sv                                 ;             ;
; altsource_probe_body.vhd                                                                              ; yes             ; Megafunction                                 ; c:/intelfpga_lite/19.1/quartus/libraries/megafunctions/altsource_probe_body.vhd                                          ;             ;
; sld_rom_sr.vhd                                                                                        ; yes             ; Encrypted Megafunction                       ; c:/intelfpga_lite/19.1/quartus/libraries/megafunctions/sld_rom_sr.vhd                                                    ;             ;
; sld_hub.vhd                                                                                           ; yes             ; Encrypted Megafunction                       ; c:/intelfpga_lite/19.1/quartus/libraries/megafunctions/sld_hub.vhd                                                       ; altera_sld  ;
; db/ip/sldc31a2246/alt_sld_fab.v                                                                       ; yes             ; Encrypted Auto-Found Verilog HDL File        ; C:/Users/Estudiante/Desktop/ENVASADO-HARINA-SISTEMAS1/db/ip/sldc31a2246/alt_sld_fab.v                                    ; alt_sld_fab ;
; db/ip/sldc31a2246/submodules/alt_sld_fab_alt_sld_fab.v                                                ; yes             ; Encrypted Auto-Found Verilog HDL File        ; C:/Users/Estudiante/Desktop/ENVASADO-HARINA-SISTEMAS1/db/ip/sldc31a2246/submodules/alt_sld_fab_alt_sld_fab.v             ; alt_sld_fab ;
; db/ip/sldc31a2246/submodules/alt_sld_fab_alt_sld_fab_ident.sv                                         ; yes             ; Auto-Found SystemVerilog HDL File            ; C:/Users/Estudiante/Desktop/ENVASADO-HARINA-SISTEMAS1/db/ip/sldc31a2246/submodules/alt_sld_fab_alt_sld_fab_ident.sv      ; alt_sld_fab ;
; db/ip/sldc31a2246/submodules/alt_sld_fab_alt_sld_fab_presplit.sv                                      ; yes             ; Encrypted Auto-Found SystemVerilog HDL File  ; C:/Users/Estudiante/Desktop/ENVASADO-HARINA-SISTEMAS1/db/ip/sldc31a2246/submodules/alt_sld_fab_alt_sld_fab_presplit.sv   ; alt_sld_fab ;
; db/ip/sldc31a2246/submodules/alt_sld_fab_alt_sld_fab_sldfabric.vhd                                    ; yes             ; Encrypted Auto-Found VHDL File               ; C:/Users/Estudiante/Desktop/ENVASADO-HARINA-SISTEMAS1/db/ip/sldc31a2246/submodules/alt_sld_fab_alt_sld_fab_sldfabric.vhd ; alt_sld_fab ;
; db/ip/sldc31a2246/submodules/alt_sld_fab_alt_sld_fab_splitter.sv                                      ; yes             ; Encrypted Auto-Found SystemVerilog HDL File  ; C:/Users/Estudiante/Desktop/ENVASADO-HARINA-SISTEMAS1/db/ip/sldc31a2246/submodules/alt_sld_fab_alt_sld_fab_splitter.sv   ; alt_sld_fab ;
; sld_jtag_hub.vhd                                                                                      ; yes             ; Encrypted Megafunction                       ; c:/intelfpga_lite/19.1/quartus/libraries/megafunctions/sld_jtag_hub.vhd                                                  ;             ;
+-------------------------------------------------------------------------------------------------------+-----------------+----------------------------------------------+--------------------------------------------------------------------------------------------------------------------------+-------------+


+------------------------------------------------------------------------+
; Analysis & Synthesis Resource Usage Summary                            ;
+---------------------------------------------+--------------------------+
; Resource                                    ; Usage                    ;
+---------------------------------------------+--------------------------+
; Estimate of Logic utilization (ALMs needed) ; 125                      ;
;                                             ;                          ;
; Combinational ALUT usage for logic          ; 182                      ;
;     -- 7 input functions                    ; 1                        ;
;     -- 6 input functions                    ; 46                       ;
;     -- 5 input functions                    ; 46                       ;
;     -- 4 input functions                    ; 33                       ;
;     -- <=3 input functions                  ; 56                       ;
;                                             ;                          ;
; Dedicated logic registers                   ; 132                      ;
;                                             ;                          ;
; I/O pins                                    ; 27                       ;
;                                             ;                          ;
; Total DSP Blocks                            ; 0                        ;
;                                             ;                          ;
; Maximum fan-out node                        ; altera_internal_jtag~TDO ;
; Maximum fan-out                             ; 153                      ;
; Total fan-out                               ; 1280                     ;
; Average fan-out                             ; 3.40                     ;
+---------------------------------------------+--------------------------+


+-------------------------------------------------------------------------------------------------------------------------------------------------------------------------------------------------------------------------------------------------------------------------------------------------------------------------------------------------------------------------------------------------------------------------------------------------------------------------------------------------------------------------------------------------------------------------------------------------------------------------------------------------------------------+
; Analysis & Synthesis Resource Utilization by Entity                                                                                                                                                                                                                                                                                                                                                                                                                                                                                                                                                                                                               ;
+-----------------------------------------------------------------------------------------------------------------------------------------+---------------------+---------------------------+-------------------+------------+------+--------------+-------------------------------------------------------------------------------------------------------------------------------------------------------------------------------------------------------------------------------------------------------------------------------------------------------------------------------------------------------------+-----------------------------------+--------------+
; Compilation Hierarchy Node                                                                                                              ; Combinational ALUTs ; Dedicated Logic Registers ; Block Memory Bits ; DSP Blocks ; Pins ; Virtual Pins ; Full Hierarchy Name                                                                                                                                                                                                                                                                                                                                         ; Entity Name                       ; Library Name ;
+-----------------------------------------------------------------------------------------------------------------------------------------+---------------------+---------------------------+-------------------+------------+------+--------------+-------------------------------------------------------------------------------------------------------------------------------------------------------------------------------------------------------------------------------------------------------------------------------------------------------------------------------------------------------------+-----------------------------------+--------------+
; |envasadoGeneral                                                                                                                        ; 182 (2)             ; 132 (0)                   ; 0                 ; 0          ; 27   ; 0            ; |envasadoGeneral                                                                                                                                                                                                                                                                                                                                            ; envasadoGeneral                   ; work         ;
;    |7411:inst45|                                                                                                                        ; 1 (1)               ; 0 (0)                     ; 0                 ; 0          ; 0    ; 0            ; |envasadoGeneral|7411:inst45                                                                                                                                                                                                                                                                                                                                ; 7411                              ; work         ;
;    |DecoBCD_7seg:inst42|                                                                                                                ; 7 (7)               ; 0 (0)                     ; 0                 ; 0          ; 0    ; 0            ; |envasadoGeneral|DecoBCD_7seg:inst42                                                                                                                                                                                                                                                                                                                        ; DecoBCD_7seg                      ; work         ;
;    |DecoBCD_7seg:inst43|                                                                                                                ; 7 (7)               ; 0 (0)                     ; 0                 ; 0          ; 0    ; 0            ; |envasadoGeneral|DecoBCD_7seg:inst43                                                                                                                                                                                                                                                                                                                        ; DecoBCD_7seg                      ; work         ;
;    |DecoBCD_7seg:inst48|                                                                                                                ; 7 (7)               ; 0 (0)                     ; 0                 ; 0          ; 0    ; 0            ; |envasadoGeneral|DecoBCD_7seg:inst48                                                                                                                                                                                                                                                                                                                        ; DecoBCD_7seg                      ; work         ;
;    |DecoBin_BCD:inst16|                                                                                                                 ; 7 (7)               ; 0 (0)                     ; 0                 ; 0          ; 0    ; 0            ; |envasadoGeneral|DecoBin_BCD:inst16                                                                                                                                                                                                                                                                                                                         ; DecoBin_BCD                       ; work         ;
;    |HOST_COM:inst3|                                                                                                                     ; 46 (0)              ; 50 (0)                    ; 0                 ; 0          ; 0    ; 0            ; |envasadoGeneral|HOST_COM:inst3                                                                                                                                                                                                                                                                                                                             ; HOST_COM                          ; HOST_COM     ;
;       |altsource_probe_top:in_system_sources_probes_0|                                                                                  ; 46 (0)              ; 50 (0)                    ; 0                 ; 0          ; 0    ; 0            ; |envasadoGeneral|HOST_COM:inst3|altsource_probe_top:in_system_sources_probes_0                                                                                                                                                                                                                                                                              ; altsource_probe_top               ; HOST_COM     ;
;          |altsource_probe:issp_impl|                                                                                                    ; 46 (0)              ; 50 (0)                    ; 0                 ; 0          ; 0    ; 0            ; |envasadoGeneral|HOST_COM:inst3|altsource_probe_top:in_system_sources_probes_0|altsource_probe:issp_impl                                                                                                                                                                                                                                                    ; altsource_probe                   ; work         ;
;             |altsource_probe_body:altsource_probe_body_inst|                                                                            ; 46 (2)              ; 50 (0)                    ; 0                 ; 0          ; 0    ; 0            ; |envasadoGeneral|HOST_COM:inst3|altsource_probe_top:in_system_sources_probes_0|altsource_probe:issp_impl|altsource_probe_body:altsource_probe_body_inst                                                                                                                                                                                                     ; altsource_probe_body              ; work         ;
;                |altsource_probe_impl:\wider_probe_gen:wider_probe_inst|                                                                 ; 44 (35)             ; 50 (43)                   ; 0                 ; 0          ; 0    ; 0            ; |envasadoGeneral|HOST_COM:inst3|altsource_probe_top:in_system_sources_probes_0|altsource_probe:issp_impl|altsource_probe_body:altsource_probe_body_inst|altsource_probe_impl:\wider_probe_gen:wider_probe_inst                                                                                                                                              ; altsource_probe_impl              ; work         ;
;                   |sld_rom_sr:\no_instance_id_gen:rom_info_inst|                                                                        ; 9 (9)               ; 7 (7)                     ; 0                 ; 0          ; 0    ; 0            ; |envasadoGeneral|HOST_COM:inst3|altsource_probe_top:in_system_sources_probes_0|altsource_probe:issp_impl|altsource_probe_body:altsource_probe_body_inst|altsource_probe_impl:\wider_probe_gen:wider_probe_inst|sld_rom_sr:\no_instance_id_gen:rom_info_inst                                                                                                 ; sld_rom_sr                        ; work         ;
;    |MSI:inst|                                                                                                                           ; 1 (1)               ; 0 (0)                     ; 0                 ; 0          ; 0    ; 0            ; |envasadoGeneral|MSI:inst                                                                                                                                                                                                                                                                                                                                   ; MSI                               ; work         ;
;    |comparador_de_distancia:inst1|                                                                                                      ; 3 (3)               ; 0 (0)                     ; 0                 ; 0          ; 0    ; 0            ; |envasadoGeneral|comparador_de_distancia:inst1                                                                                                                                                                                                                                                                                                              ; comparador_de_distancia           ; work         ;
;    |comparador_de_peso:inst56|                                                                                                          ; 4 (4)               ; 0 (0)                     ; 0                 ; 0          ; 0    ; 0            ; |envasadoGeneral|comparador_de_peso:inst56                                                                                                                                                                                                                                                                                                                  ; comparador_de_peso                ; work         ;
;    |contador:inst8|                                                                                                                     ; 4 (4)               ; 4 (4)                     ; 0                 ; 0          ; 0    ; 0            ; |envasadoGeneral|contador:inst8                                                                                                                                                                                                                                                                                                                             ; contador                          ; work         ;
;    |sld_hub:auto_hub|                                                                                                                   ; 93 (1)              ; 78 (0)                    ; 0                 ; 0          ; 0    ; 0            ; |envasadoGeneral|sld_hub:auto_hub                                                                                                                                                                                                                                                                                                                           ; sld_hub                           ; altera_sld   ;
;       |alt_sld_fab_with_jtag_input:\instrumentation_fabric_with_node_gen:fabric_gen_new_way:with_jtag_input_gen:instrumentation_fabric| ; 92 (0)              ; 78 (0)                    ; 0                 ; 0          ; 0    ; 0            ; |envasadoGeneral|sld_hub:auto_hub|alt_sld_fab_with_jtag_input:\instrumentation_fabric_with_node_gen:fabric_gen_new_way:with_jtag_input_gen:instrumentation_fabric                                                                                                                                                                                           ; alt_sld_fab_with_jtag_input       ; altera_sld   ;
;          |alt_sld_fab:instrumentation_fabric|                                                                                           ; 92 (0)              ; 78 (0)                    ; 0                 ; 0          ; 0    ; 0            ; |envasadoGeneral|sld_hub:auto_hub|alt_sld_fab_with_jtag_input:\instrumentation_fabric_with_node_gen:fabric_gen_new_way:with_jtag_input_gen:instrumentation_fabric|alt_sld_fab:instrumentation_fabric                                                                                                                                                        ; alt_sld_fab                       ; alt_sld_fab  ;
;             |alt_sld_fab_alt_sld_fab:alt_sld_fab|                                                                                       ; 92 (1)              ; 78 (5)                    ; 0                 ; 0          ; 0    ; 0            ; |envasadoGeneral|sld_hub:auto_hub|alt_sld_fab_with_jtag_input:\instrumentation_fabric_with_node_gen:fabric_gen_new_way:with_jtag_input_gen:instrumentation_fabric|alt_sld_fab:instrumentation_fabric|alt_sld_fab_alt_sld_fab:alt_sld_fab                                                                                                                    ; alt_sld_fab_alt_sld_fab           ; alt_sld_fab  ;
;                |alt_sld_fab_alt_sld_fab_sldfabric:sldfabric|                                                                            ; 91 (0)              ; 73 (0)                    ; 0                 ; 0          ; 0    ; 0            ; |envasadoGeneral|sld_hub:auto_hub|alt_sld_fab_with_jtag_input:\instrumentation_fabric_with_node_gen:fabric_gen_new_way:with_jtag_input_gen:instrumentation_fabric|alt_sld_fab:instrumentation_fabric|alt_sld_fab_alt_sld_fab:alt_sld_fab|alt_sld_fab_alt_sld_fab_sldfabric:sldfabric                                                                        ; alt_sld_fab_alt_sld_fab_sldfabric ; alt_sld_fab  ;
;                   |sld_jtag_hub:\jtag_hub_gen:real_sld_jtag_hub|                                                                        ; 91 (57)             ; 73 (45)                   ; 0                 ; 0          ; 0    ; 0            ; |envasadoGeneral|sld_hub:auto_hub|alt_sld_fab_with_jtag_input:\instrumentation_fabric_with_node_gen:fabric_gen_new_way:with_jtag_input_gen:instrumentation_fabric|alt_sld_fab:instrumentation_fabric|alt_sld_fab_alt_sld_fab:alt_sld_fab|alt_sld_fab_alt_sld_fab_sldfabric:sldfabric|sld_jtag_hub:\jtag_hub_gen:real_sld_jtag_hub                           ; sld_jtag_hub                      ; work         ;
;                      |sld_rom_sr:hub_info_reg|                                                                                          ; 15 (15)             ; 9 (9)                     ; 0                 ; 0          ; 0    ; 0            ; |envasadoGeneral|sld_hub:auto_hub|alt_sld_fab_with_jtag_input:\instrumentation_fabric_with_node_gen:fabric_gen_new_way:with_jtag_input_gen:instrumentation_fabric|alt_sld_fab:instrumentation_fabric|alt_sld_fab_alt_sld_fab:alt_sld_fab|alt_sld_fab_alt_sld_fab_sldfabric:sldfabric|sld_jtag_hub:\jtag_hub_gen:real_sld_jtag_hub|sld_rom_sr:hub_info_reg   ; sld_rom_sr                        ; work         ;
;                      |sld_shadow_jsm:shadow_jsm|                                                                                        ; 19 (19)             ; 19 (19)                   ; 0                 ; 0          ; 0    ; 0            ; |envasadoGeneral|sld_hub:auto_hub|alt_sld_fab_with_jtag_input:\instrumentation_fabric_with_node_gen:fabric_gen_new_way:with_jtag_input_gen:instrumentation_fabric|alt_sld_fab:instrumentation_fabric|alt_sld_fab_alt_sld_fab:alt_sld_fab|alt_sld_fab_alt_sld_fab_sldfabric:sldfabric|sld_jtag_hub:\jtag_hub_gen:real_sld_jtag_hub|sld_shadow_jsm:shadow_jsm ; sld_shadow_jsm                    ; altera_sld   ;
+-----------------------------------------------------------------------------------------------------------------------------------------+---------------------+---------------------------+-------------------+------------+------+--------------+-------------------------------------------------------------------------------------------------------------------------------------------------------------------------------------------------------------------------------------------------------------------------------------------------------------------------------------------------------------+-----------------------------------+--------------+
Note: For table entries with two numbers listed, the numbers in parentheses indicate the number of resources of the given type used by the specific entity alone. The numbers listed outside of parentheses indicate the total resources of the given type used by the specific entity and all of its sub-entities in the hierarchy.


+-----------------------------------------------------------------------------------------------------------------------------------------------------------------------------------------------------------------------------------------------------------------------------------------------------------------------------------------------------------------------------------------------------------------------------------------------+
; Analysis & Synthesis IP Cores Summary                                                                                                                                                                                                                                                                                                                                                                                                         ;
+--------+---------------------------------+---------+--------------+--------------+--------------------------------------------------------------------------------------------------------------------------------------------------------------------------------------------------------------------------------------------------------------------------------------+---------------------------------------------------------------------+
; Vendor ; IP Core Name                    ; Version ; Release Date ; License Type ; Entity Instance                                                                                                                                                                                                                                                                      ; IP Include File                                                     ;
+--------+---------------------------------+---------+--------------+--------------+--------------------------------------------------------------------------------------------------------------------------------------------------------------------------------------------------------------------------------------------------------------------------------------+---------------------------------------------------------------------+
; Altera ; Signal Tap                      ; N/A     ; N/A          ; Licensed     ; |envasadoGeneral|sld_hub:auto_hub|alt_sld_fab_with_jtag_input:\instrumentation_fabric_with_node_gen:fabric_gen_new_way:with_jtag_input_gen:instrumentation_fabric|alt_sld_fab:instrumentation_fabric                                                                                 ;                                                                     ;
; Altera ; Signal Tap                      ; N/A     ; N/A          ; Licensed     ; |envasadoGeneral|sld_hub:auto_hub|alt_sld_fab_with_jtag_input:\instrumentation_fabric_with_node_gen:fabric_gen_new_way:with_jtag_input_gen:instrumentation_fabric|alt_sld_fab:instrumentation_fabric|alt_sld_fab_alt_sld_fab:alt_sld_fab                                             ;                                                                     ;
; Altera ; Signal Tap                      ; N/A     ; N/A          ; Licensed     ; |envasadoGeneral|sld_hub:auto_hub|alt_sld_fab_with_jtag_input:\instrumentation_fabric_with_node_gen:fabric_gen_new_way:with_jtag_input_gen:instrumentation_fabric|alt_sld_fab:instrumentation_fabric|alt_sld_fab_alt_sld_fab:alt_sld_fab|alt_sld_fab_alt_sld_fab_presplit:presplit   ;                                                                     ;
; Altera ; Signal Tap                      ; N/A     ; N/A          ; Licensed     ; |envasadoGeneral|sld_hub:auto_hub|alt_sld_fab_with_jtag_input:\instrumentation_fabric_with_node_gen:fabric_gen_new_way:with_jtag_input_gen:instrumentation_fabric|alt_sld_fab:instrumentation_fabric|alt_sld_fab_alt_sld_fab:alt_sld_fab|alt_sld_fab_alt_sld_fab_sldfabric:sldfabric ;                                                                     ;
; Altera ; Signal Tap                      ; N/A     ; N/A          ; Licensed     ; |envasadoGeneral|sld_hub:auto_hub|alt_sld_fab_with_jtag_input:\instrumentation_fabric_with_node_gen:fabric_gen_new_way:with_jtag_input_gen:instrumentation_fabric|alt_sld_fab:instrumentation_fabric|alt_sld_fab_alt_sld_fab:alt_sld_fab|alt_sld_fab_alt_sld_fab_splitter:splitter   ;                                                                     ;
; N/A    ; altera_in_system_sources_probes ; 19.1    ; N/A          ; N/A          ; |envasadoGeneral|HOST_COM:inst3                                                                                                                                                                                                                                                      ; C:/Users/Estudiante/Desktop/ENVASADO-HARINA-SISTEMAS1/HOST_COM.qsys ;
+--------+---------------------------------+---------+--------------+--------------+--------------------------------------------------------------------------------------------------------------------------------------------------------------------------------------------------------------------------------------------------------------------------------------+---------------------------------------------------------------------+


+------------------------------------------------------+
; General Register Statistics                          ;
+----------------------------------------------+-------+
; Statistic                                    ; Value ;
+----------------------------------------------+-------+
; Total registers                              ; 132   ;
; Number of registers using Synchronous Clear  ; 7     ;
; Number of registers using Synchronous Load   ; 17    ;
; Number of registers using Asynchronous Clear ; 55    ;
; Number of registers using Asynchronous Load  ; 0     ;
; Number of registers using Clock Enable       ; 99    ;
; Number of registers using Preset             ; 0     ;
+----------------------------------------------+-------+


+-------------------------------------------------------------------------------------------------------------------------------------------------------------------------------------------------------------------------------------------------------------------------------------------------------------------------------------------+
; Inverted Register Statistics                                                                                                                                                                                                                                                                                                              ;
+---------------------------------------------------------------------------------------------------------------------------------------------------------------------------------------------------------------------------------------------------------------------------------------------------------------------------------+---------+
; Inverted Register                                                                                                                                                                                                                                                                                                               ; Fan out ;
+---------------------------------------------------------------------------------------------------------------------------------------------------------------------------------------------------------------------------------------------------------------------------------------------------------------------------------+---------+
; sld_hub:auto_hub|alt_sld_fab_with_jtag_input:\instrumentation_fabric_with_node_gen:fabric_gen_new_way:with_jtag_input_gen:instrumentation_fabric|alt_sld_fab:instrumentation_fabric|alt_sld_fab_alt_sld_fab:alt_sld_fab|alt_sld_fab_alt_sld_fab_sldfabric:sldfabric|sld_jtag_hub:\jtag_hub_gen:real_sld_jtag_hub|jtag_ir_reg[1] ; 3       ;
; sld_hub:auto_hub|alt_sld_fab_with_jtag_input:\instrumentation_fabric_with_node_gen:fabric_gen_new_way:with_jtag_input_gen:instrumentation_fabric|alt_sld_fab:instrumentation_fabric|alt_sld_fab_alt_sld_fab:alt_sld_fab|alt_sld_fab_alt_sld_fab_sldfabric:sldfabric|sld_jtag_hub:\jtag_hub_gen:real_sld_jtag_hub|jtag_ir_reg[2] ; 3       ;
; Total number of inverted registers = 2                                                                                                                                                                                                                                                                                          ;         ;
+---------------------------------------------------------------------------------------------------------------------------------------------------------------------------------------------------------------------------------------------------------------------------------------------------------------------------------+---------+


+-------------------------------------------------------------------------------------------------------------------------------------------------------------------------------------------------------------------------------------------------------------------------------------------------------------------------------------------------------------------------------------------+
; Multiplexer Restructuring Statistics (Restructuring Performed)                                                                                                                                                                                                                                                                                                                            ;
+--------------------+-----------+---------------+----------------------+------------------------+------------+-----------------------------------------------------------------------------------------------------------------------------------------------------------------------------------------------------------------------------------------------------------------------------+
; Multiplexer Inputs ; Bus Width ; Baseline Area ; Area if Restructured ; Saving if Restructured ; Registered ; Example Multiplexer Output                                                                                                                                                                                                                                                  ;
+--------------------+-----------+---------------+----------------------+------------------------+------------+-----------------------------------------------------------------------------------------------------------------------------------------------------------------------------------------------------------------------------------------------------------------------------+
; 4:1                ; 3 bits    ; 6 LEs         ; 6 LEs                ; 0 LEs                  ; Yes        ; |envasadoGeneral|HOST_COM:inst3|altsource_probe_top:in_system_sources_probes_0|altsource_probe:issp_impl|altsource_probe_body:altsource_probe_body_inst|altsource_probe_impl:\wider_probe_gen:wider_probe_inst|sld_rom_sr:\no_instance_id_gen:rom_info_inst|word_counter[2] ;
; 5:1                ; 7 bits    ; 21 LEs        ; 14 LEs               ; 7 LEs                  ; Yes        ; |envasadoGeneral|HOST_COM:inst3|altsource_probe_top:in_system_sources_probes_0|altsource_probe:issp_impl|altsource_probe_body:altsource_probe_body_inst|altsource_probe_impl:\wider_probe_gen:wider_probe_inst|shift_reg[22]                                                ;
; 5:1                ; 17 bits   ; 51 LEs        ; 34 LEs               ; 17 LEs                 ; Yes        ; |envasadoGeneral|HOST_COM:inst3|altsource_probe_top:in_system_sources_probes_0|altsource_probe:issp_impl|altsource_probe_body:altsource_probe_body_inst|altsource_probe_impl:\wider_probe_gen:wider_probe_inst|shift_reg[7]                                                 ;
; 9:1                ; 4 bits    ; 24 LEs        ; 20 LEs               ; 4 LEs                  ; Yes        ; |envasadoGeneral|HOST_COM:inst3|altsource_probe_top:in_system_sources_probes_0|altsource_probe:issp_impl|altsource_probe_body:altsource_probe_body_inst|altsource_probe_impl:\wider_probe_gen:wider_probe_inst|sld_rom_sr:\no_instance_id_gen:rom_info_inst|WORD_SR[1]      ;
+--------------------+-----------+---------------+----------------------+------------------------+------------+-----------------------------------------------------------------------------------------------------------------------------------------------------------------------------------------------------------------------------------------------------------------------------+


+----------------------------------------------------------------------------------------------------------------------------------------------------------------------------------------------------------------------+
; Source assignments for HOST_COM:inst3|altsource_probe_top:in_system_sources_probes_0|altsource_probe:issp_impl|altsource_probe_body:altsource_probe_body_inst|altsource_probe_impl:\wider_probe_gen:wider_probe_inst ;
+---------------------------------+-------+------+---------------------------------------------------------------------------------------------------------------------------------------------------------------------+
; Assignment                      ; Value ; From ; To                                                                                                                                                                  ;
+---------------------------------+-------+------+---------------------------------------------------------------------------------------------------------------------------------------------------------------------+
; NOT_GATE_PUSH_BACK              ; OFF   ; -    ; -                                                                                                                                                                   ;
; POWER_UP_LEVEL                  ; LOW   ; -    ; -                                                                                                                                                                   ;
; AUTO_SHIFT_REGISTER_RECOGNITION ; OFF   ; -    ; -                                                                                                                                                                   ;
; AUTO_CLOCK_ENABLE_RECOGNITION   ; OFF   ; -    ; hold_reg[0]                                                                                                                                                         ;
; AUTO_CLOCK_ENABLE_RECOGNITION   ; OFF   ; -    ; hold_reg[16]                                                                                                                                                        ;
; AUTO_CLOCK_ENABLE_RECOGNITION   ; OFF   ; -    ; hold_reg[15]                                                                                                                                                        ;
; AUTO_CLOCK_ENABLE_RECOGNITION   ; OFF   ; -    ; hold_reg[14]                                                                                                                                                        ;
; AUTO_CLOCK_ENABLE_RECOGNITION   ; OFF   ; -    ; hold_reg[13]                                                                                                                                                        ;
; AUTO_CLOCK_ENABLE_RECOGNITION   ; OFF   ; -    ; hold_reg[12]                                                                                                                                                        ;
; AUTO_CLOCK_ENABLE_RECOGNITION   ; OFF   ; -    ; hold_reg[11]                                                                                                                                                        ;
; AUTO_CLOCK_ENABLE_RECOGNITION   ; OFF   ; -    ; hold_reg[10]                                                                                                                                                        ;
; AUTO_CLOCK_ENABLE_RECOGNITION   ; OFF   ; -    ; hold_reg[9]                                                                                                                                                         ;
; AUTO_CLOCK_ENABLE_RECOGNITION   ; OFF   ; -    ; hold_reg[8]                                                                                                                                                         ;
; AUTO_CLOCK_ENABLE_RECOGNITION   ; OFF   ; -    ; hold_reg[7]                                                                                                                                                         ;
; AUTO_CLOCK_ENABLE_RECOGNITION   ; OFF   ; -    ; hold_reg[6]                                                                                                                                                         ;
; AUTO_CLOCK_ENABLE_RECOGNITION   ; OFF   ; -    ; hold_reg[5]                                                                                                                                                         ;
; AUTO_CLOCK_ENABLE_RECOGNITION   ; OFF   ; -    ; hold_reg[4]                                                                                                                                                         ;
; AUTO_CLOCK_ENABLE_RECOGNITION   ; OFF   ; -    ; hold_reg[3]                                                                                                                                                         ;
; AUTO_CLOCK_ENABLE_RECOGNITION   ; OFF   ; -    ; hold_reg[2]                                                                                                                                                         ;
; AUTO_CLOCK_ENABLE_RECOGNITION   ; OFF   ; -    ; hold_reg[1]                                                                                                                                                         ;
+---------------------------------+-------+------+---------------------------------------------------------------------------------------------------------------------------------------------------------------------+


+------------------------------------------------------------------------------------------------------------+
; Parameter Settings for User Entity Instance: HOST_COM:inst3|altsource_probe_top:in_system_sources_probes_0 ;
+-------------------------+-----------------+----------------------------------------------------------------+
; Parameter Name          ; Value           ; Type                                                           ;
+-------------------------+-----------------+----------------------------------------------------------------+
; lpm_type                ; altsource_probe ; String                                                         ;
; lpm_hint                ; UNUSED          ; String                                                         ;
; sld_auto_instance_index ; YES             ; String                                                         ;
; sld_instance_index      ; 0               ; Signed Integer                                                 ;
; sld_node_info_parameter ; 4746752         ; Signed Integer                                                 ;
; sld_ir_width            ; 4               ; Signed Integer                                                 ;
; instance_id             ; NONE            ; String                                                         ;
; probe_width             ; 25              ; Signed Integer                                                 ;
; source_width            ; 17              ; Signed Integer                                                 ;
; source_initial_value    ; 0               ; String                                                         ;
; enable_metastability    ; NO              ; String                                                         ;
+-------------------------+-----------------+----------------------------------------------------------------+
Note: In order to hide this table in the UI and the text report file, please set the "Show Parameter Settings in Synthesis Report" option in "Analysis and Synthesis Settings -> More Settings" to "Off".


+--------------------------------------------------------------------------------------------------------------------------------------+
; Parameter Settings for User Entity Instance: HOST_COM:inst3|altsource_probe_top:in_system_sources_probes_0|altsource_probe:issp_impl ;
+-------------------------+-----------------+------------------------------------------------------------------------------------------+
; Parameter Name          ; Value           ; Type                                                                                     ;
+-------------------------+-----------------+------------------------------------------------------------------------------------------+
; lpm_type                ; altsource_probe ; String                                                                                   ;
; lpm_hint                ; UNUSED          ; String                                                                                   ;
; sld_auto_instance_index ; YES             ; String                                                                                   ;
; sld_instance_index      ; 0               ; Signed Integer                                                                           ;
; SLD_NODE_INFO           ; 4746752         ; Signed Integer                                                                           ;
; sld_ir_width            ; 4               ; Signed Integer                                                                           ;
; instance_id             ; NONE            ; String                                                                                   ;
; probe_width             ; 25              ; Signed Integer                                                                           ;
; source_width            ; 17              ; Signed Integer                                                                           ;
; source_initial_value    ; 0               ; String                                                                                   ;
; enable_metastability    ; NO              ; String                                                                                   ;
+-------------------------+-----------------+------------------------------------------------------------------------------------------+
Note: In order to hide this table in the UI and the text report file, please set the "Show Parameter Settings in Synthesis Report" option in "Analysis and Synthesis Settings -> More Settings" to "Off".


+------------------------------------------------------------------------------------------------------------------------------------------------------------------------------------+
; Port Connectivity Checks: "HOST_COM:inst3|altsource_probe_top:in_system_sources_probes_0|altsource_probe:issp_impl"                                                                ;
+-----------------+--------+----------+----------------------------------------------------------------------------------------------------------------------------------------------+
; Port            ; Type   ; Severity ; Details                                                                                                                                      ;
+-----------------+--------+----------+----------------------------------------------------------------------------------------------------------------------------------------------+
; raw_tck         ; Input  ; Warning  ; Declared by entity but not connected by instance. If a default value exists, it will be used.  Otherwise, the port will be connected to GND. ;
; tdi             ; Input  ; Warning  ; Declared by entity but not connected by instance. If a default value exists, it will be used.  Otherwise, the port will be connected to GND. ;
; usr1            ; Input  ; Warning  ; Declared by entity but not connected by instance. If a default value exists, it will be used.  Otherwise, the port will be connected to GND. ;
; jtag_state_cdr  ; Input  ; Warning  ; Declared by entity but not connected by instance. If a default value exists, it will be used.  Otherwise, the port will be connected to GND. ;
; jtag_state_sdr  ; Input  ; Warning  ; Declared by entity but not connected by instance. If a default value exists, it will be used.  Otherwise, the port will be connected to GND. ;
; jtag_state_e1dr ; Input  ; Warning  ; Declared by entity but not connected by instance. If a default value exists, it will be used.  Otherwise, the port will be connected to GND. ;
; jtag_state_udr  ; Input  ; Warning  ; Declared by entity but not connected by instance. If a default value exists, it will be used.  Otherwise, the port will be connected to GND. ;
; jtag_state_cir  ; Input  ; Warning  ; Declared by entity but not connected by instance. If a default value exists, it will be used.  Otherwise, the port will be connected to GND. ;
; jtag_state_uir  ; Input  ; Warning  ; Declared by entity but not connected by instance. If a default value exists, it will be used.  Otherwise, the port will be connected to GND. ;
; jtag_state_tlr  ; Input  ; Warning  ; Declared by entity but not connected by instance. If a default value exists, it will be used.  Otherwise, the port will be connected to GND. ;
; clr             ; Input  ; Warning  ; Declared by entity but not connected by instance. If a default value exists, it will be used.  Otherwise, the port will be connected to GND. ;
; ena             ; Input  ; Warning  ; Declared by entity but not connected by instance. If a default value exists, it will be used.  Otherwise, the port will be connected to GND. ;
; ir_in           ; Input  ; Warning  ; Declared by entity but not connected by instance. If a default value exists, it will be used.  Otherwise, the port will be connected to GND. ;
; ir_out          ; Output ; Warning  ; Declared by entity but not connected by instance. Logic that only feeds a dangling port will be removed.                                     ;
; tdo             ; Output ; Warning  ; Declared by entity but not connected by instance. Logic that only feeds a dangling port will be removed.                                     ;
+-----------------+--------+----------+----------------------------------------------------------------------------------------------------------------------------------------------+


+------------------------------------------------------------------------------------------------------------------------------------------------------------------------------+
; Port Connectivity Checks: "HOST_COM:inst3|altsource_probe_top:in_system_sources_probes_0"                                                                                    ;
+------------+-------+----------+----------------------------------------------------------------------------------------------------------------------------------------------+
; Port       ; Type  ; Severity ; Details                                                                                                                                      ;
+------------+-------+----------+----------------------------------------------------------------------------------------------------------------------------------------------+
; source_ena ; Input ; Info     ; Stuck at VCC                                                                                                                                 ;
; source_clk ; Input ; Warning  ; Declared by entity but not connected by instance. If a default value exists, it will be used.  Otherwise, the port will be connected to GND. ;
+------------+-------+----------+----------------------------------------------------------------------------------------------------------------------------------------------+


+-----------------------------------------------------+
; Post-Synthesis Netlist Statistics for Top Partition ;
+-----------------------+-----------------------------+
; Type                  ; Count                       ;
+-----------------------+-----------------------------+
; arriav_ff             ; 54                          ;
;     CLR               ; 6                           ;
;     ENA               ; 7                           ;
;     ENA CLR           ; 24                          ;
;     ENA SLD           ; 17                          ;
; arriav_lcell_comb     ; 92                          ;
;     extend            ; 1                           ;
;         7 data inputs ; 1                           ;
;     normal            ; 91                          ;
;         0 data inputs ; 1                           ;
;         1 data inputs ; 5                           ;
;         2 data inputs ; 3                           ;
;         3 data inputs ; 7                           ;
;         4 data inputs ; 20                          ;
;         5 data inputs ; 22                          ;
;         6 data inputs ; 33                          ;
; boundary_port         ; 48                          ;
;                       ;                             ;
; Max LUT depth         ; 4.00                        ;
; Average LUT depth     ; 2.21                        ;
+-----------------------+-----------------------------+


+-------------------------------+
; Elapsed Time Per Partition    ;
+----------------+--------------+
; Partition Name ; Elapsed Time ;
+----------------+--------------+
; Top            ; 00:00:00     ;
+----------------+--------------+


+-------------------------------+
; Analysis & Synthesis Messages ;
+-------------------------------+
Info: *******************************************************************
Info: Running Quartus Prime Analysis & Synthesis
    Info: Version 19.1.0 Build 670 09/22/2019 SJ Lite Edition
    Info: Processing started: Fri Jan 19 09:25:29 2024
Info: Command: quartus_map --read_settings_files=on --write_settings_files=off envasadoHarina -c envasadoHarina
Warning (18236): Number of processors has not been specified which may cause overloading on shared machines.  Set the global assignment NUM_PARALLEL_PROCESSORS in your QSF to an appropriate value for best performance.
Info (20030): Parallel compilation is enabled and will use 12 of the 12 processors detected
Info (12248): Elaborating Platform Designer system entity "HOST_COM.qsys"
Info (12250): 2024.01.19.09:25:38 Progress: Loading ENVASADO-HARINA-SISTEMAS1/HOST_COM.qsys
Info (12250): 2024.01.19.09:25:38 Progress: Reading input file
Info (12250): 2024.01.19.09:25:38 Progress: Adding in_system_sources_probes_0 [altera_in_system_sources_probes 19.1]
Info (12250): 2024.01.19.09:25:38 Progress: Parameterizing module in_system_sources_probes_0
Info (12250): 2024.01.19.09:25:38 Progress: Building connections
Info (12250): 2024.01.19.09:25:38 Progress: Parameterizing connections
Info (12250): 2024.01.19.09:25:38 Progress: Validating
Info (12250): 2024.01.19.09:25:39 Progress: Done reading input file
Info (12250): HOST_COM: Generating HOST_COM "HOST_COM" for QUARTUS_SYNTH
Info (12250): In_system_sources_probes_0: "HOST_COM" instantiated altera_in_system_sources_probes "in_system_sources_probes_0"
Info (12250): HOST_COM: Done "HOST_COM" with 2 modules, 2 files
Info (12249): Finished elaborating Platform Designer system entity "HOST_COM.qsys"
Info (12021): Found 2 design units, including 1 entities, in source file comparador_de_peso.vhd
    Info (12022): Found design unit 1: comparador_de_peso-Behavioral File: C:/Users/Estudiante/Desktop/ENVASADO-HARINA-SISTEMAS1/comparador_de_peso.vhd Line: 18
    Info (12023): Found entity 1: comparador_de_peso File: C:/Users/Estudiante/Desktop/ENVASADO-HARINA-SISTEMAS1/comparador_de_peso.vhd Line: 10
Info (12021): Found 2 design units, including 1 entities, in source file comparador_de_distancia.vhd
    Info (12022): Found design unit 1: comparador_de_distancia-Behavioral File: C:/Users/Estudiante/Desktop/ENVASADO-HARINA-SISTEMAS1/comparador_de_distancia.vhd Line: 18
    Info (12023): Found entity 1: comparador_de_distancia File: C:/Users/Estudiante/Desktop/ENVASADO-HARINA-SISTEMAS1/comparador_de_distancia.vhd Line: 9
Info (12021): Found 1 design units, including 1 entities, in source file bloquecomparadordistancia.bdf
    Info (12023): Found entity 1: bloqueComparadorDistancia
Info (12021): Found 1 design units, including 1 entities, in source file bloquecomparadorpeso.bdf
    Info (12023): Found entity 1: bloqueComparadorPeso
Info (12021): Found 2 design units, including 1 entities, in source file multiplexor_motor.vhd
    Info (12022): Found design unit 1: multiplexor_motor-solve File: C:/Users/Estudiante/Desktop/ENVASADO-HARINA-SISTEMAS1/multiplexor_motor.vhd Line: 15
    Info (12023): Found entity 1: multiplexor_motor File: C:/Users/Estudiante/Desktop/ENVASADO-HARINA-SISTEMAS1/multiplexor_motor.vhd Line: 8
Info (12021): Found 1 design units, including 1 entities, in source file bloquemultiplexormotor.bdf
    Info (12023): Found entity 1: bloqueMultiplexorMotor
Info (12021): Found 2 design units, including 1 entities, in source file decobcd_7seg.vhd
    Info (12022): Found design unit 1: DecoBCD_7seg-solve File: C:/Users/Estudiante/Desktop/ENVASADO-HARINA-SISTEMAS1/DecoBCD_7seg.vhd Line: 13
    Info (12023): Found entity 1: DecoBCD_7seg File: C:/Users/Estudiante/Desktop/ENVASADO-HARINA-SISTEMAS1/DecoBCD_7seg.vhd Line: 7
Info (12021): Found 1 design units, including 1 entities, in source file bloquedecodificadorbcda7seg.bdf
    Info (12023): Found entity 1: bloqueDecodificadorBCDa7seg
Info (12021): Found 2 design units, including 1 entities, in source file decobin_bcd.vhd
    Info (12022): Found design unit 1: DecoBin_BCD-solve File: C:/Users/Estudiante/Desktop/ENVASADO-HARINA-SISTEMAS1/DecoBin_BCD.vhd Line: 17
    Info (12023): Found entity 1: DecoBin_BCD File: C:/Users/Estudiante/Desktop/ENVASADO-HARINA-SISTEMAS1/DecoBin_BCD.vhd Line: 9
Info (12021): Found 2 design units, including 1 entities, in source file contador.vhd
    Info (12022): Found design unit 1: contador-solve File: C:/Users/Estudiante/Desktop/ENVASADO-HARINA-SISTEMAS1/contador.vhd Line: 14
    Info (12023): Found entity 1: contador File: C:/Users/Estudiante/Desktop/ENVASADO-HARINA-SISTEMAS1/contador.vhd Line: 8
Info (12021): Found 2 design units, including 1 entities, in source file msi.vhd
    Info (12022): Found design unit 1: MSI-Behavioral File: C:/Users/Estudiante/Desktop/ENVASADO-HARINA-SISTEMAS1/MSI.vhd Line: 19
    Info (12023): Found entity 1: MSI File: C:/Users/Estudiante/Desktop/ENVASADO-HARINA-SISTEMAS1/MSI.vhd Line: 9
Info (12021): Found 1 design units, including 1 entities, in source file envasadogeneral.bdf
    Info (12023): Found entity 1: envasadoGeneral
Info (12021): Found 1 design units, including 1 entities, in source file db/ip/host_com/host_com.v
    Info (12023): Found entity 1: HOST_COM File: C:/Users/Estudiante/Desktop/ENVASADO-HARINA-SISTEMAS1/db/ip/host_com/host_com.v Line: 6
Info (12021): Found 1 design units, including 1 entities, in source file db/ip/host_com/submodules/altsource_probe_top.v
    Info (12023): Found entity 1: altsource_probe_top File: C:/Users/Estudiante/Desktop/ENVASADO-HARINA-SISTEMAS1/db/ip/host_com/submodules/altsource_probe_top.v Line: 14
Info (12127): Elaborating entity "envasadoGeneral" for the top level hierarchy
Warning (275009): Pin "Clk" not connected
Info (12128): Elaborating entity "7411" for hierarchy "7411:inst45"
Info (12130): Elaborated megafunction instantiation "7411:inst45"
Info (12128): Elaborating entity "MSI" for hierarchy "MSI:inst"
Info (12128): Elaborating entity "HOST_COM" for hierarchy "HOST_COM:inst3"
Info (12128): Elaborating entity "altsource_probe_top" for hierarchy "HOST_COM:inst3|altsource_probe_top:in_system_sources_probes_0" File: C:/Users/Estudiante/Desktop/ENVASADO-HARINA-SISTEMAS1/db/ip/host_com/host_com.v Line: 23
Info (12128): Elaborating entity "altsource_probe" for hierarchy "HOST_COM:inst3|altsource_probe_top:in_system_sources_probes_0|altsource_probe:issp_impl" File: C:/Users/Estudiante/Desktop/ENVASADO-HARINA-SISTEMAS1/db/ip/host_com/submodules/altsource_probe_top.v Line: 55
Info (12130): Elaborated megafunction instantiation "HOST_COM:inst3|altsource_probe_top:in_system_sources_probes_0|altsource_probe:issp_impl" File: C:/Users/Estudiante/Desktop/ENVASADO-HARINA-SISTEMAS1/db/ip/host_com/submodules/altsource_probe_top.v Line: 55
Info (12133): Instantiated megafunction "HOST_COM:inst3|altsource_probe_top:in_system_sources_probes_0|altsource_probe:issp_impl" with the following parameter: File: C:/Users/Estudiante/Desktop/ENVASADO-HARINA-SISTEMAS1/db/ip/host_com/submodules/altsource_probe_top.v Line: 55
    Info (12134): Parameter "lpm_type" = "altsource_probe"
    Info (12134): Parameter "lpm_hint" = "UNUSED"
    Info (12134): Parameter "sld_auto_instance_index" = "YES"
    Info (12134): Parameter "sld_instance_index" = "0"
    Info (12134): Parameter "SLD_NODE_INFO" = "4746752"
    Info (12134): Parameter "sld_ir_width" = "4"
    Info (12134): Parameter "instance_id" = "NONE"
    Info (12134): Parameter "probe_width" = "25"
    Info (12134): Parameter "source_width" = "17"
    Info (12134): Parameter "source_initial_value" = "0"
    Info (12134): Parameter "enable_metastability" = "NO"
Info (12128): Elaborating entity "sld_jtag_endpoint_adapter" for hierarchy "HOST_COM:inst3|altsource_probe_top:in_system_sources_probes_0|altsource_probe:issp_impl|sld_jtag_endpoint_adapter:jtag_signal_adapter" File: c:/intelfpga_lite/19.1/quartus/libraries/megafunctions/altsource_probe.v Line: 169
Info (12128): Elaborating entity "sld_jtag_endpoint_adapter_impl" for hierarchy "HOST_COM:inst3|altsource_probe_top:in_system_sources_probes_0|altsource_probe:issp_impl|sld_jtag_endpoint_adapter:jtag_signal_adapter|sld_jtag_endpoint_adapter_impl:sld_jtag_endpoint_adapter_impl_inst" File: c:/intelfpga_lite/19.1/quartus/libraries/megafunctions/sld_jtag_endpoint_adapter.vhd Line: 232
Info (12128): Elaborating entity "altsource_probe_body" for hierarchy "HOST_COM:inst3|altsource_probe_top:in_system_sources_probes_0|altsource_probe:issp_impl|altsource_probe_body:altsource_probe_body_inst" File: c:/intelfpga_lite/19.1/quartus/libraries/megafunctions/altsource_probe.v Line: 205
Info (12128): Elaborating entity "altsource_probe_impl" for hierarchy "HOST_COM:inst3|altsource_probe_top:in_system_sources_probes_0|altsource_probe:issp_impl|altsource_probe_body:altsource_probe_body_inst|altsource_probe_impl:\wider_probe_gen:wider_probe_inst" File: c:/intelfpga_lite/19.1/quartus/libraries/megafunctions/altsource_probe_body.vhd Line: 508
Info (12128): Elaborating entity "sld_rom_sr" for hierarchy "HOST_COM:inst3|altsource_probe_top:in_system_sources_probes_0|altsource_probe:issp_impl|altsource_probe_body:altsource_probe_body_inst|altsource_probe_impl:\wider_probe_gen:wider_probe_inst|sld_rom_sr:\no_instance_id_gen:rom_info_inst" File: c:/intelfpga_lite/19.1/quartus/libraries/megafunctions/altsource_probe_body.vhd Line: 776
Info (12128): Elaborating entity "comparador_de_peso" for hierarchy "comparador_de_peso:inst56"
Info (12128): Elaborating entity "comparador_de_distancia" for hierarchy "comparador_de_distancia:inst1"
Info (12128): Elaborating entity "DecoBCD_7seg" for hierarchy "DecoBCD_7seg:inst48"
Info (12128): Elaborating entity "contador" for hierarchy "contador:inst8"
Info (12128): Elaborating entity "DecoBin_BCD" for hierarchy "DecoBin_BCD:inst16"
Info (11170): Starting IP generation for the debug fabric: alt_sld_fab.
Info (11172): 2024.01.19.09:25:42 Progress: Loading sldc31a2246/alt_sld_fab_wrapper_hw.tcl
Info (11172): Alt_sld_fab.alt_sld_fab: SLD fabric agents which did not specify prefer_host were connected to JTAG
Info (11172): Alt_sld_fab: Generating alt_sld_fab "alt_sld_fab" for QUARTUS_SYNTH
Info (11172): Alt_sld_fab: "alt_sld_fab" instantiated alt_sld_fab "alt_sld_fab"
Info (11172): Presplit: "alt_sld_fab" instantiated altera_super_splitter "presplit"
Info (11172): Splitter: "alt_sld_fab" instantiated altera_sld_splitter "splitter"
Info (11172): Sldfabric: "alt_sld_fab" instantiated altera_sld_jtag_hub "sldfabric"
Info (11172): Ident: "alt_sld_fab" instantiated altera_connection_identification_hub "ident"
Info (11172): Alt_sld_fab: Done "alt_sld_fab" with 6 modules, 6 files
Info (11171): Finished IP generation for the debug fabric: alt_sld_fab.
Info (12021): Found 1 design units, including 1 entities, in source file db/ip/sldc31a2246/alt_sld_fab.v
    Info (12023): Found entity 1: alt_sld_fab File: C:/Users/Estudiante/Desktop/ENVASADO-HARINA-SISTEMAS1/db/ip/sldc31a2246/alt_sld_fab.v Line: 9
Info (12021): Found 1 design units, including 1 entities, in source file db/ip/sldc31a2246/submodules/alt_sld_fab_alt_sld_fab.v
    Info (12023): Found entity 1: alt_sld_fab_alt_sld_fab File: C:/Users/Estudiante/Desktop/ENVASADO-HARINA-SISTEMAS1/db/ip/sldc31a2246/submodules/alt_sld_fab_alt_sld_fab.v Line: 9
Info (12021): Found 1 design units, including 1 entities, in source file db/ip/sldc31a2246/submodules/alt_sld_fab_alt_sld_fab_ident.sv
    Info (12023): Found entity 1: alt_sld_fab_alt_sld_fab_ident File: C:/Users/Estudiante/Desktop/ENVASADO-HARINA-SISTEMAS1/db/ip/sldc31a2246/submodules/alt_sld_fab_alt_sld_fab_ident.sv Line: 33
Info (12021): Found 1 design units, including 1 entities, in source file db/ip/sldc31a2246/submodules/alt_sld_fab_alt_sld_fab_presplit.sv
    Info (12023): Found entity 1: alt_sld_fab_alt_sld_fab_presplit File: C:/Users/Estudiante/Desktop/ENVASADO-HARINA-SISTEMAS1/db/ip/sldc31a2246/submodules/alt_sld_fab_alt_sld_fab_presplit.sv Line: 3
Info (12021): Found 2 design units, including 1 entities, in source file db/ip/sldc31a2246/submodules/alt_sld_fab_alt_sld_fab_sldfabric.vhd
    Info (12022): Found design unit 1: alt_sld_fab_alt_sld_fab_sldfabric-rtl File: C:/Users/Estudiante/Desktop/ENVASADO-HARINA-SISTEMAS1/db/ip/sldc31a2246/submodules/alt_sld_fab_alt_sld_fab_sldfabric.vhd Line: 102
    Info (12023): Found entity 1: alt_sld_fab_alt_sld_fab_sldfabric File: C:/Users/Estudiante/Desktop/ENVASADO-HARINA-SISTEMAS1/db/ip/sldc31a2246/submodules/alt_sld_fab_alt_sld_fab_sldfabric.vhd Line: 11
Info (12021): Found 1 design units, including 1 entities, in source file db/ip/sldc31a2246/submodules/alt_sld_fab_alt_sld_fab_splitter.sv
    Info (12023): Found entity 1: alt_sld_fab_alt_sld_fab_splitter File: C:/Users/Estudiante/Desktop/ENVASADO-HARINA-SISTEMAS1/db/ip/sldc31a2246/submodules/alt_sld_fab_alt_sld_fab_splitter.sv Line: 3
Warning (12241): 2 hierarchies have connectivity warnings - see the Connectivity Checks report folder
Info (286031): Timing-Driven Synthesis is running on partition "Top"
Info (16010): Generating hard_block partition "hard_block:auto_generated_inst"
    Info (16011): Adding 9 node(s), including 0 DDIO, 0 PLL, 0 transceiver and 0 LCELL
Warning (21074): Design contains 1 input pin(s) that do not drive logic
    Warning (15610): No output dependent on input pin "Clk"
Info (21057): Implemented 255 device resources after synthesis - the final resource count might be different
    Info (21058): Implemented 4 input pins
    Info (21059): Implemented 27 output pins
    Info (21061): Implemented 223 logic cells
Info: Quartus Prime Analysis & Synthesis was successful. 0 errors, 6 warnings
    Info: Peak virtual memory: 4915 megabytes
    Info: Processing ended: Fri Jan 19 09:25:48 2024
    Info: Elapsed time: 00:00:19
    Info: Total CPU time (on all processors): 00:00:39


